[debug] [2023-07-20T10:55:24.033Z] ----------------------------------------------------------------------
[debug] [2023-07-20T10:55:24.035Z] Command:       C:\Program Files\nodejs\node.exe C:\Users\user\AppData\Roaming\npm\node_modules\firebase-tools\lib\bin\firebase.js init
[debug] [2023-07-20T10:55:24.035Z] CLI Version:   12.4.5
[debug] [2023-07-20T10:55:24.036Z] Platform:      win32
[debug] [2023-07-20T10:55:24.036Z] Node Version:  v18.16.1
[debug] [2023-07-20T10:55:24.037Z] Time:          Thu Jul 20 2023 16:25:24 GMT+0530 (India Standard Time)
[debug] [2023-07-20T10:55:24.037Z] ----------------------------------------------------------------------
[debug] 
[debug] [2023-07-20T10:55:24.113Z] > command requires scopes: ["email","openid","https://www.googleapis.com/auth/cloudplatformprojects.readonly","https://www.googleapis.com/auth/firebase","https://www.googleapis.com/auth/cloud-platform"]
[debug] [2023-07-20T10:55:24.114Z] > authorizing via signed-in user (siddeswarapradeep@gmail.com)
[info] 
     ######## #### ########  ######## ########     ###     ######  ########
     ##        ##  ##     ## ##       ##     ##  ##   ##  ##       ##
     ######    ##  ########  ######   ########  #########  ######  ######
     ##        ##  ##    ##  ##       ##     ## ##     ##       ## ##
     ##       #### ##     ## ######## ########  ##     ##  ######  ########

You're about to initialize a Firebase project in this directory:

  C:\Users\user\Documents\new\fromapi

Before we get started, keep in mind:

  * You are initializing within an existing Firebase project directory

[info] 
=== Project Setup
[info] 
[info] First, let's associate this project directory with a Firebase project.
[info] You can create multiple project aliases by running firebase use --add, 
[info] but for now we'll just set up a default project.
[info] 
[debug] [2023-07-20T10:55:31.983Z] Using project from CLI flag: formapi-87e19
[debug] [2023-07-20T10:55:31.985Z] >>> [apiv2][query] GET https://firebase.googleapis.com/v1beta1/projects/formapi-87e19 [none]
[debug] [2023-07-20T10:55:32.443Z] <<< [apiv2][status] GET https://firebase.googleapis.com/v1beta1/projects/formapi-87e19 200
[debug] [2023-07-20T10:55:32.444Z] <<< [apiv2][body] GET https://firebase.googleapis.com/v1beta1/projects/formapi-87e19 {"projectId":"formapi-87e19","projectNumber":"873554529886","displayName":"formApi","name":"projects/formapi-87e19","resources":{"hostingSite":"formapi-87e19","realtimeDatabaseInstance":"formapi-87e19-default-rtdb"},"state":"ACTIVE","etag":"1_e57c211b-1317-4154-acea-ed06516f3fdb"}
[info] i  Using project formapi-87e19 (formApi) 
[info] 
=== Hosting Setup
[info] 
[info] Your public directory is the folder (relative to your project directory) that
[info] will contain Hosting assets to be uploaded with firebase deploy. If you
[info] have a build process for your assets, use your build's output directory.
[info] 
[info] i  Skipping write of public/404.html 
[debug] [2023-07-20T10:56:47.889Z] >>> [apiv2][query] GET https://www.gstatic.com/firebasejs/releases.json [none]
[debug] [2023-07-20T10:56:48.088Z] <<< [apiv2][status] GET https://www.gstatic.com/firebasejs/releases.json 200
[debug] [2023-07-20T10:56:48.089Z] <<< [apiv2][body] GET https://www.gstatic.com/firebasejs/releases.json {"current":{"version":"10.0.0","browserURL":"https://www.gstatic.com/firebasejs/10.0.0/firebase.js","packageURL":"https://www.gstatic.com/firebasejs/10.0.0/firebase.tgz"},"live":{"version":"10.0","browserURL":"https://www.gstatic.com/firebasejs/live/10.0/firebase.js","packageURL":"https://www.gstatic.com/firebasejs/live/10.0/firebase.tgz"},"components":{"analytics":"https://www.gstatic.com/firebasejs/10.0.0/firebase-analytics.js","app":"https://www.gstatic.com/firebasejs/10.0.0/firebase-app.js","app-check":"https://www.gstatic.com/firebasejs/10.0.0/firebase-app-check.js","auth":"https://www.gstatic.com/firebasejs/10.0.0/firebase-auth.js","auth/cordova":"https://www.gstatic.com/firebasejs/10.0.0/firebase-auth/cordova.js","functions":"https://www.gstatic.com/firebasejs/10.0.0/firebase-functions.js","firestore":"https://www.gstatic.com/firebasejs/10.0.0/firebase-firestore.js","firestore/lite":"https://www.gstatic.com/firebasejs/10.0.0/firebase-firestore/lite.js","installations":"https://www.gstatic.com/firebasejs/10.0.0/firebase-installations.js","storage":"https://www.gstatic.com/firebasejs/10.0.0/firebase-storage.js","performance":"https://www.gstatic.com/firebasejs/10.0.0/firebase-performance.js","remote-config":"https://www.gstatic.com/firebasejs/10.0.0/firebase-remote-config.js","messaging":"https://www.gstatic.com/firebasejs/10.0.0/firebase-messaging.js","messaging/sw":"https://www.gstatic.com/firebasejs/10.0.0/firebase-messaging/sw.js","database":"https://www.gstatic.com/firebasejs/10.0.0/firebase-database.js","firestore.memory":"https://www.gstatic.com/firebasejs/10.0.0/firebase-firestore.memory.js"}}
[info] i  Skipping write of public/index.html 
[info] 
[info] i  Detected a .git folder at C:\Users\user\Documents\new 
[info] i  Authorizing with GitHub to upload your service account to a GitHub repository's secrets store. 
[info] 
[info] Visit this URL on this device to log in:
[info] https://github.com/login/oauth/authorize?client_id=89cf50f02ac6aaed3484&state=313362891&redirect_uri=http%3A%2F%2Flocalhost%3A9005&scope=read%3Auser%20repo%20public_repo
[info] 
[info] Waiting for authentication...
[debug] [2023-07-20T10:56:59.586Z] >>> [apiv2][query] POST https://github.com/login/oauth/access_token [none]
[debug] [2023-07-20T10:56:59.587Z] >>> [apiv2][body] POST https://github.com/login/oauth/access_token [stream]
[debug] [2023-07-20T10:56:59.983Z] <<< [apiv2][status] POST https://github.com/login/oauth/access_token 200
[debug] [2023-07-20T10:56:59.984Z] <<< [apiv2][body] POST https://github.com/login/oauth/access_token {"access_token":"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","token_type":"bearer","scope":"read:user,repo"}
[debug] [2023-07-20T10:57:00.002Z] >>> [apiv2][query] GET https://api.github.com/user [none]
[debug] [2023-07-20T10:57:00.478Z] <<< [apiv2][status] GET https://api.github.com/user 200
[debug] [2023-07-20T10:57:00.478Z] <<< [apiv2][body] GET https://api.github.com/user {"login":"PradeepSiddeswar","id":109662366,"node_id":"U_kgDOBolQng","avatar_url":"https://avatars.githubusercontent.com/u/109662366?v=4","gravatar_id":"","url":"https://api.github.com/users/PradeepSiddeswar","html_url":"https://github.com/PradeepSiddeswar","followers_url":"https://api.github.com/users/PradeepSiddeswar/followers","following_url":"https://api.github.com/users/PradeepSiddeswar/following{/other_user}","gists_url":"https://api.github.com/users/PradeepSiddeswar/gists{/gist_id}","starred_url":"https://api.github.com/users/PradeepSiddeswar/starred{/owner}{/repo}","subscriptions_url":"https://api.github.com/users/PradeepSiddeswar/subscriptions","organizations_url":"https://api.github.com/users/PradeepSiddeswar/orgs","repos_url":"https://api.github.com/users/PradeepSiddeswar/repos","events_url":"https://api.github.com/users/PradeepSiddeswar/events{/privacy}","received_events_url":"https://api.github.com/users/PradeepSiddeswar/received_events","type":"User","site_admin":false,"name":null,"company":null,"blog":"","location":null,"email":null,"hireable":null,"bio":null,"twitter_username":null,"public_repos":16,"public_gists":0,"followers":0,"following":1,"created_at":"2022-07-20T09:56:47Z","updated_at":"2023-07-11T17:43:36Z","private_gists":0,"total_private_repos":5,"owned_private_repos":5,"disk_usage":596946,"collaborators":0,"two_factor_authentication":false,"plan":{"name":"free","space":976562499,"collaborators":0,"private_repos":10000}}
[info] 
[info] +  Success! Logged into GitHub as PradeepSiddeswar 
[info] 
[debug] [2023-07-20T10:57:42.314Z] >>> [apiv2][query] GET https://api.github.com/repos/y/actions/secrets/public-key type=owner
[debug] [2023-07-20T10:57:42.675Z] <<< [apiv2][status] GET https://api.github.com/repos/y/actions/secrets/public-key 404
[debug] [2023-07-20T10:57:42.675Z] <<< [apiv2][body] GET https://api.github.com/repos/y/actions/secrets/public-key {"message":"Not Found","documentation_url":"https://docs.github.com/rest"}
[info] 
[info] 
[error] !  The provided authorization cannot be used with this repository. If this repository is in an organization, did you remember to grant access? 
[info] 
[info] i  Action required: Visit this URL to ensure access has been granted to the appropriate organization(s) for the Firebase CLI GitHub OAuth App: 
[info] https://github.com/settings/connections/applications/89cf50f02ac6aaed3484
[info] 
[debug] [2023-07-20T10:58:29.689Z] >>> [apiv2][query] GET https://api.github.com/repos/y/actions/secrets/public-key type=owner
[debug] [2023-07-20T10:58:30.054Z] <<< [apiv2][status] GET https://api.github.com/repos/y/actions/secrets/public-key 404
[debug] [2023-07-20T10:58:30.055Z] <<< [apiv2][body] GET https://api.github.com/repos/y/actions/secrets/public-key {"message":"Not Found","documentation_url":"https://docs.github.com/rest"}
[info] 
[info] 
[error] !  The provided authorization cannot be used with this repository. If this repository is in an organization, did you remember to grant access? 
[info] 
[info] i  Action required: Visit this URL to ensure access has been granted to the appropriate organization(s) for the Firebase CLI GitHub OAuth App: 
[info] https://github.com/settings/connections/applications/89cf50f02ac6aaed3484
[info] 
[debug] [2023-07-20T10:58:33.370Z] >>> [apiv2][query] GET https://api.github.com/repos/yn/actions/secrets/public-key type=owner
[debug] [2023-07-20T10:58:33.736Z] <<< [apiv2][status] GET https://api.github.com/repos/yn/actions/secrets/public-key 404
[debug] [2023-07-20T10:58:33.736Z] <<< [apiv2][body] GET https://api.github.com/repos/yn/actions/secrets/public-key {"message":"Not Found","documentation_url":"https://docs.github.com/rest"}
[info] 
[info] 
[error] !  The provided authorization cannot be used with this repository. If this repository is in an organization, did you remember to grant access? 
[info] 
[info] i  Action required: Visit this URL to ensure access has been granted to the appropriate organization(s) for the Firebase CLI GitHub OAuth App: 
[info] https://github.com/settings/connections/applications/89cf50f02ac6aaed3484
[info] 
[debug] [2023-07-20T10:58:37.930Z] >>> [apiv2][query] GET https://api.github.com/repos/n/actions/secrets/public-key type=owner
[debug] [2023-07-20T10:58:38.294Z] <<< [apiv2][status] GET https://api.github.com/repos/n/actions/secrets/public-key 404
[debug] [2023-07-20T10:58:38.295Z] <<< [apiv2][body] GET https://api.github.com/repos/n/actions/secrets/public-key {"message":"Not Found","documentation_url":"https://docs.github.com/rest"}
[info] 
[info] 
[error] !  The provided authorization cannot be used with this repository. If this repository is in an organization, did you remember to grant access? 
[info] 
[info] i  Action required: Visit this URL to ensure access has been granted to the appropriate organization(s) for the Firebase CLI GitHub OAuth App: 
[info] https://github.com/settings/connections/applications/89cf50f02ac6aaed3484
[info] 
[debug] [2023-07-20T11:00:53.268Z] ----------------------------------------------------------------------
[debug] [2023-07-20T11:00:53.270Z] Command:       C:\Program Files\nodejs\node.exe C:\Users\user\AppData\Roaming\npm\node_modules\firebase-tools\lib\bin\firebase.js init
[debug] [2023-07-20T11:00:53.270Z] CLI Version:   12.4.5
[debug] [2023-07-20T11:00:53.270Z] Platform:      win32
[debug] [2023-07-20T11:00:53.271Z] Node Version:  v18.16.1
[debug] [2023-07-20T11:00:53.271Z] Time:          Thu Jul 20 2023 16:30:53 GMT+0530 (India Standard Time)
[debug] [2023-07-20T11:00:53.272Z] ----------------------------------------------------------------------
[debug] 
[debug] [2023-07-20T11:00:53.350Z] > command requires scopes: ["email","openid","https://www.googleapis.com/auth/cloudplatformprojects.readonly","https://www.googleapis.com/auth/firebase","https://www.googleapis.com/auth/cloud-platform"]
[debug] [2023-07-20T11:00:53.351Z] > authorizing via signed-in user (siddeswarapradeep@gmail.com)
[info] 
     ######## #### ########  ######## ########     ###     ######  ########
     ##        ##  ##     ## ##       ##     ##  ##   ##  ##       ##
     ######    ##  ########  ######   ########  #########  ######  ######
     ##        ##  ##    ##  ##       ##     ## ##     ##       ## ##
     ##       #### ##     ## ######## ########  ##     ##  ######  ########

You're about to initialize a Firebase project in this directory:

  C:\Users\user\Documents\new\fromapi

Before we get started, keep in mind:

  * You are initializing within an existing Firebase project directory

[info] 
=== Project Setup
[info] 
[info] First, let's associate this project directory with a Firebase project.
[info] You can create multiple project aliases by running firebase use --add, 
[info] but for now we'll just set up a default project.
[info] 
[debug] [2023-07-20T11:01:41.078Z] Using project from CLI flag: formapi-87e19
[debug] [2023-07-20T11:01:41.081Z] >>> [apiv2][query] GET https://firebase.googleapis.com/v1beta1/projects/formapi-87e19 [none]
[debug] [2023-07-20T11:01:41.524Z] <<< [apiv2][status] GET https://firebase.googleapis.com/v1beta1/projects/formapi-87e19 200
[debug] [2023-07-20T11:01:41.524Z] <<< [apiv2][body] GET https://firebase.googleapis.com/v1beta1/projects/formapi-87e19 {"projectId":"formapi-87e19","projectNumber":"873554529886","displayName":"formApi","name":"projects/formapi-87e19","resources":{"hostingSite":"formapi-87e19","realtimeDatabaseInstance":"formapi-87e19-default-rtdb"},"state":"ACTIVE","etag":"1_e57c211b-1317-4154-acea-ed06516f3fdb"}
[info] i  Using project formapi-87e19 (formApi) 
[info] 
=== Functions Setup
[debug] [2023-07-20T11:01:41.531Z] > command requires scopes: ["email","openid","https://www.googleapis.com/auth/cloudplatformprojects.readonly","https://www.googleapis.com/auth/firebase","https://www.googleapis.com/auth/cloud-platform"]
[debug] [2023-07-20T11:01:41.531Z] > authorizing via signed-in user (siddeswarapradeep@gmail.com)
[debug] [2023-07-20T11:01:41.531Z] [iam] checking project formapi-87e19 for permissions ["firebase.projects.get"]
[debug] [2023-07-20T11:01:41.531Z] >>> [apiv2][query] POST https://cloudresourcemanager.googleapis.com/v1/projects/formapi-87e19:testIamPermissions [none]
[debug] [2023-07-20T11:01:41.531Z] >>> [apiv2][(partial)header] POST https://cloudresourcemanager.googleapis.com/v1/projects/formapi-87e19:testIamPermissions x-goog-quota-user=projects/formapi-87e19
[debug] [2023-07-20T11:01:41.532Z] >>> [apiv2][body] POST https://cloudresourcemanager.googleapis.com/v1/projects/formapi-87e19:testIamPermissions {"permissions":["firebase.projects.get"]}
[debug] [2023-07-20T11:01:42.767Z] <<< [apiv2][status] POST https://cloudresourcemanager.googleapis.com/v1/projects/formapi-87e19:testIamPermissions 200
[debug] [2023-07-20T11:01:42.767Z] <<< [apiv2][body] POST https://cloudresourcemanager.googleapis.com/v1/projects/formapi-87e19:testIamPermissions {"permissions":["firebase.projects.get"]}
[debug] [2023-07-20T11:01:42.768Z] >>> [apiv2][query] GET https://serviceusage.googleapis.com/v1/projects/formapi-87e19/services/cloudfunctions.googleapis.com [none]
[debug] [2023-07-20T11:01:42.768Z] >>> [apiv2][(partial)header] GET https://serviceusage.googleapis.com/v1/projects/formapi-87e19/services/cloudfunctions.googleapis.com x-goog-quota-user=projects/formapi-87e19
[debug] [2023-07-20T11:01:42.770Z] >>> [apiv2][query] GET https://serviceusage.googleapis.com/v1/projects/formapi-87e19/services/runtimeconfig.googleapis.com [none]
[debug] [2023-07-20T11:01:42.770Z] >>> [apiv2][(partial)header] GET https://serviceusage.googleapis.com/v1/projects/formapi-87e19/services/runtimeconfig.googleapis.com x-goog-quota-user=projects/formapi-87e19
[debug] [2023-07-20T11:01:44.332Z] <<< [apiv2][status] GET https://serviceusage.googleapis.com/v1/projects/formapi-87e19/services/cloudfunctions.googleapis.com 200
[debug] [2023-07-20T11:01:44.332Z] <<< [apiv2][body] GET https://serviceusage.googleapis.com/v1/projects/formapi-87e19/services/cloudfunctions.googleapis.com [omitted]
[debug] [2023-07-20T11:01:44.351Z] <<< [apiv2][status] GET https://serviceusage.googleapis.com/v1/projects/formapi-87e19/services/runtimeconfig.googleapis.com 200
[debug] [2023-07-20T11:01:44.352Z] <<< [apiv2][body] GET https://serviceusage.googleapis.com/v1/projects/formapi-87e19/services/runtimeconfig.googleapis.com [omitted]
[info] 
Detected existing codebase(s): default

[info] Let's create a new codebase for your functions.
[info] A directory corresponding to the codebase will be created in your project
[info] with sample code pre-configured.

[info] See https://firebase.google.com/docs/functions/organize-functions for
[info] more information on organizing your functions using codebases.

[info] Functions can be deployed with firebase deploy.

[debug] [2023-07-20T11:07:20.917Z] ----------------------------------------------------------------------
[debug] [2023-07-20T11:07:20.919Z] Command:       C:\Program Files\nodejs\node.exe C:\Users\user\AppData\Roaming\npm\node_modules\firebase-tools\lib\bin\firebase.js init
[debug] [2023-07-20T11:07:20.919Z] CLI Version:   12.4.5
[debug] [2023-07-20T11:07:20.919Z] Platform:      win32
[debug] [2023-07-20T11:07:20.919Z] Node Version:  v18.16.1
[debug] [2023-07-20T11:07:20.920Z] Time:          Thu Jul 20 2023 16:37:20 GMT+0530 (India Standard Time)
[debug] [2023-07-20T11:07:20.920Z] ----------------------------------------------------------------------
[debug] 
[debug] [2023-07-20T11:07:20.999Z] > command requires scopes: ["email","openid","https://www.googleapis.com/auth/cloudplatformprojects.readonly","https://www.googleapis.com/auth/firebase","https://www.googleapis.com/auth/cloud-platform"]
[debug] [2023-07-20T11:07:20.999Z] > authorizing via signed-in user (siddeswarapradeep@gmail.com)
[info] 
     ######## #### ########  ######## ########     ###     ######  ########
     ##        ##  ##     ## ##       ##     ##  ##   ##  ##       ##
     ######    ##  ########  ######   ########  #########  ######  ######
     ##        ##  ##    ##  ##       ##     ## ##     ##       ## ##
     ##       #### ##     ## ######## ########  ##     ##  ######  ########

You're about to initialize a Firebase project in this directory:

  C:\Users\user\Documents\new\FromApi

Before we get started, keep in mind:

  * You are initializing within an existing Firebase project directory

[info] 
=== Project Setup
[info] 
[info] First, let's associate this project directory with a Firebase project.
[info] You can create multiple project aliases by running firebase use --add, 
[info] but for now we'll just set up a default project.
[info] 
[debug] [2023-07-20T11:07:55.349Z] Using project from CLI flag: formapi-87e19
[debug] [2023-07-20T11:07:55.352Z] >>> [apiv2][query] GET https://firebase.googleapis.com/v1beta1/projects/formapi-87e19 [none]
[debug] [2023-07-20T11:07:55.895Z] <<< [apiv2][status] GET https://firebase.googleapis.com/v1beta1/projects/formapi-87e19 200
[debug] [2023-07-20T11:07:55.895Z] <<< [apiv2][body] GET https://firebase.googleapis.com/v1beta1/projects/formapi-87e19 {"projectId":"formapi-87e19","projectNumber":"873554529886","displayName":"formApi","name":"projects/formapi-87e19","resources":{"hostingSite":"formapi-87e19","realtimeDatabaseInstance":"formapi-87e19-default-rtdb"},"state":"ACTIVE","etag":"1_e57c211b-1317-4154-acea-ed06516f3fdb"}
[info] i  Using project formapi-87e19 (formApi) 
[info] 
=== Functions Setup
[debug] [2023-07-20T11:07:55.901Z] > command requires scopes: ["email","openid","https://www.googleapis.com/auth/cloudplatformprojects.readonly","https://www.googleapis.com/auth/firebase","https://www.googleapis.com/auth/cloud-platform"]
[debug] [2023-07-20T11:07:55.902Z] > authorizing via signed-in user (siddeswarapradeep@gmail.com)
[debug] [2023-07-20T11:07:55.902Z] [iam] checking project formapi-87e19 for permissions ["firebase.projects.get"]
[debug] [2023-07-20T11:07:55.903Z] >>> [apiv2][query] POST https://cloudresourcemanager.googleapis.com/v1/projects/formapi-87e19:testIamPermissions [none]
[debug] [2023-07-20T11:07:55.903Z] >>> [apiv2][(partial)header] POST https://cloudresourcemanager.googleapis.com/v1/projects/formapi-87e19:testIamPermissions x-goog-quota-user=projects/formapi-87e19
[debug] [2023-07-20T11:07:55.903Z] >>> [apiv2][body] POST https://cloudresourcemanager.googleapis.com/v1/projects/formapi-87e19:testIamPermissions {"permissions":["firebase.projects.get"]}
[debug] [2023-07-20T11:07:57.155Z] <<< [apiv2][status] POST https://cloudresourcemanager.googleapis.com/v1/projects/formapi-87e19:testIamPermissions 200
[debug] [2023-07-20T11:07:57.155Z] <<< [apiv2][body] POST https://cloudresourcemanager.googleapis.com/v1/projects/formapi-87e19:testIamPermissions {"permissions":["firebase.projects.get"]}
[debug] [2023-07-20T11:07:57.156Z] >>> [apiv2][query] GET https://serviceusage.googleapis.com/v1/projects/formapi-87e19/services/cloudfunctions.googleapis.com [none]
[debug] [2023-07-20T11:07:57.156Z] >>> [apiv2][(partial)header] GET https://serviceusage.googleapis.com/v1/projects/formapi-87e19/services/cloudfunctions.googleapis.com x-goog-quota-user=projects/formapi-87e19
[debug] [2023-07-20T11:07:57.157Z] >>> [apiv2][query] GET https://serviceusage.googleapis.com/v1/projects/formapi-87e19/services/runtimeconfig.googleapis.com [none]
[debug] [2023-07-20T11:07:57.157Z] >>> [apiv2][(partial)header] GET https://serviceusage.googleapis.com/v1/projects/formapi-87e19/services/runtimeconfig.googleapis.com x-goog-quota-user=projects/formapi-87e19
[debug] [2023-07-20T11:07:58.783Z] <<< [apiv2][status] GET https://serviceusage.googleapis.com/v1/projects/formapi-87e19/services/runtimeconfig.googleapis.com 200
[debug] [2023-07-20T11:07:58.783Z] <<< [apiv2][body] GET https://serviceusage.googleapis.com/v1/projects/formapi-87e19/services/runtimeconfig.googleapis.com [omitted]
[debug] [2023-07-20T11:07:58.783Z] <<< [apiv2][status] GET https://serviceusage.googleapis.com/v1/projects/formapi-87e19/services/cloudfunctions.googleapis.com 200
[debug] [2023-07-20T11:07:58.784Z] <<< [apiv2][body] GET https://serviceusage.googleapis.com/v1/projects/formapi-87e19/services/cloudfunctions.googleapis.com [omitted]
[info] 
Detected existing codebase(s): default

